<?xml version="1.0" encoding="UTF-8"?>
<!-- Generated by org.testng.reporters.JUnitXMLReporter -->
<testsuite hostname="WIN-7R0SSAJAA44" ignored="0" name="Command line test" tests="4" failures="0" timestamp="14 五月 2020 08:28:30 GMT" time="5.068" errors="0">
  <testcase name="function" time="4.321" classname="springboot.testng.core.imp.HttpTestngHandle"/>
  <testcase name="function" time="0.22" classname="springboot.testng.core.imp.HttpTestngHandle"/>
  <testcase name="function" time="0.225" classname="springboot.testng.core.imp.HttpTestngHandle"/>
  <testcase name="function" time="0.257" classname="springboot.testng.core.imp.HttpTestngHandle"/>
</testsuite> <!-- Command line test -->
